<?xml version="1.0" encoding="UTF-8"?>
<testng-results ignored="0" total="1" passed="1" failed="0" skipped="0">
  <reporter-output>
  </reporter-output>
  <suite started-at="2024-08-09T13:53:14 IST" name="Default suite" finished-at="2024-08-09T13:53:44 IST" duration-ms="30778">
    <groups>
    </groups>
    <test started-at="2024-08-09T13:53:14 IST" name="Default test" finished-at="2024-08-09T13:53:44 IST" duration-ms="30778">
      <class name="Testcases.Test_1">
        <test-method signature="Scenario1()[pri:0, instance:Testcases.Test_1@70e9c95d]" started-at="2024-08-09T13:53:14 IST" name="Scenario1" finished-at="2024-08-09T13:53:44 IST" duration-ms="30745" status="PASS">
          <reporter-output>
          </reporter-output>
        </test-method> <!-- Scenario1 -->
      </class> <!-- Testcases.Test_1 -->
    </test> <!-- Default test -->
  </suite> <!-- Default suite -->
</testng-results>
